<?xml version="1.0" encoding="UTF-8"?>
<!-- Generated by org.testng.reporters.JUnitXMLReporter -->
<testsuite ignored="0" hostname="LAPTOP-5TH0HK7L" failures="0" tests="2" name="Default test" time="12.539" errors="0" timestamp="2024-03-19T13:35:40 IST">
  <testcase classname="InterviewPrep.SeleniumMarch.CreateNewIncident" name="CreateIncident" time="7.156"/>
  <testcase classname="InterviewPrep.SeleniumMarch.CreateNewIncident" name="CreateIncident" time="5.308"/>
</testsuite> <!-- Default test -->
