<?xml version="1.0" encoding="UTF-8"?>
<testng-results ignored="0" total="2" passed="2" failed="0" skipped="0">
  <reporter-output>
  </reporter-output>
  <suite started-at="2024-03-19T13:35:27 IST" name="Default suite" finished-at="2024-03-19T13:35:40 IST" duration-ms="12539">
    <groups>
    </groups>
    <test started-at="2024-03-19T13:35:27 IST" name="Default test" finished-at="2024-03-19T13:35:40 IST" duration-ms="12539">
      <class name="InterviewPrep.SeleniumMarch.CreateNewIncident">
        <test-method signature="CreateIncident(java.lang.String)[pri:0, instance:InterviewPrep.SeleniumMarch.CreateNewIncident@47e2e487]" started-at="2024-03-19T13:35:27 IST" name="CreateIncident" data-provider="fetchFile" finished-at="2024-03-19T13:35:35 IST" duration-ms="7156" status="PASS">
          <params>
            <param index="0">
              <value>
                <![CDATA[./data/data1.json]]>
              </value>
            </param>
          </params>
          <reporter-output>
          </reporter-output>
        </test-method> <!-- CreateIncident -->
        <test-method signature="CreateIncident(java.lang.String)[pri:0, instance:InterviewPrep.SeleniumMarch.CreateNewIncident@47e2e487]" started-at="2024-03-19T13:35:35 IST" name="CreateIncident" data-provider="fetchFile" finished-at="2024-03-19T13:35:40 IST" duration-ms="5308" status="PASS">
          <params>
            <param index="0">
              <value>
                <![CDATA[./data/data2.json]]>
              </value>
            </param>
          </params>
          <reporter-output>
          </reporter-output>
        </test-method> <!-- CreateIncident -->
      </class> <!-- InterviewPrep.SeleniumMarch.CreateNewIncident -->
    </test> <!-- Default test -->
  </suite> <!-- Default suite -->
</testng-results>
